<?xml version="1.0" encoding="UTF-8"?>
<testsuite xmlns:xsi="http://www.w3.org/2001/XMLSchema-instance" xsi:noNamespaceSchemaLocation="https://maven.apache.org/surefire/maven-surefire-plugin/xsd/surefire-test-report.xsd" name="org.example.AppTest" time="0.04" tests="1" errors="0" skipped="0" failures="0">
  <properties>
    <property name="java.specification.version" value="17"/>
    <property name="sun.cpu.isalist" value="amd64"/>
    <property name="sun.jnu.encoding" value="Cp1250"/>
    <property name="java.class.path" value="C:\Users\mrsaf\IdeaProjects\Finance\target\test-classes;C:\Users\mrsaf\IdeaProjects\Finance\target\classes;C:\Users\mrsaf\.m2\repository\junit\junit\4.11\junit-4.11.jar;C:\Users\mrsaf\.m2\repository\org\hamcrest\hamcrest-core\1.3\hamcrest-core-1.3.jar;C:\Users\mrsaf\.m2\repository\org\postgresql\postgresql\42.3.3\postgresql-42.3.3.jar;C:\Users\mrsaf\.m2\repository\org\checkerframework\checker-qual\3.5.0\checker-qual-3.5.0.jar;"/>
    <property name="java.vm.vendor" value="Oracle Corporation"/>
    <property name="sun.arch.data.model" value="64"/>
    <property name="user.variant" value=""/>
    <property name="java.vendor.url" value="https://java.oracle.com/"/>
    <property name="user.timezone" value="Europe/Warsaw"/>
    <property name="os.name" value="Windows 10"/>
    <property name="java.vm.specification.version" value="17"/>
    <property name="sun.java.launcher" value="SUN_STANDARD"/>
    <property name="user.country" value="PL"/>
    <property name="sun.boot.library.path" value="C:\Program Files\Java\jdk-17.0.1\bin"/>
    <property name="sun.java.command" value="C:\Users\mrsaf\AppData\Local\Temp\surefire6096984662989970055\surefirebooter5666605795487724916.jar C:\Users\mrsaf\AppData\Local\Temp\surefire6096984662989970055 2022-04-16T19-57-07_317-jvmRun1 surefire14659395320423982861tmp surefire_08884593501179055494tmp"/>
    <property name="jdk.debug" value="release"/>
    <property name="surefire.test.class.path" value="C:\Users\mrsaf\IdeaProjects\Finance\target\test-classes;C:\Users\mrsaf\IdeaProjects\Finance\target\classes;C:\Users\mrsaf\.m2\repository\junit\junit\4.11\junit-4.11.jar;C:\Users\mrsaf\.m2\repository\org\hamcrest\hamcrest-core\1.3\hamcrest-core-1.3.jar;C:\Users\mrsaf\.m2\repository\org\postgresql\postgresql\42.3.3\postgresql-42.3.3.jar;C:\Users\mrsaf\.m2\repository\org\checkerframework\checker-qual\3.5.0\checker-qual-3.5.0.jar;"/>
    <property name="sun.cpu.endian" value="little"/>
    <property name="user.home" value="C:\Users\mrsaf"/>
    <property name="user.language" value="pl"/>
    <property name="java.specification.vendor" value="Oracle Corporation"/>
    <property name="java.version.date" value="2021-10-19"/>
    <property name="java.home" value="C:\Program Files\Java\jdk-17.0.1"/>
    <property name="file.separator" value="\"/>
    <property name="basedir" value="C:\Users\mrsaf\IdeaProjects\Finance"/>
    <property name="java.vm.compressedOopsMode" value="32-bit"/>
    <property name="line.separator" value="&#10;"/>
    <property name="java.vm.specification.vendor" value="Oracle Corporation"/>
    <property name="java.specification.name" value="Java Platform API Specification"/>
    <property name="surefire.real.class.path" value="C:\Users\mrsaf\AppData\Local\Temp\surefire6096984662989970055\surefirebooter5666605795487724916.jar"/>
    <property name="user.script" value=""/>
    <property name="sun.management.compiler" value="HotSpot 64-Bit Tiered Compilers"/>
    <property name="java.runtime.version" value="17.0.1+12-LTS-39"/>
    <property name="user.name" value="mrsaf"/>
    <property name="path.separator" value=";"/>
    <property name="os.version" value="10.0"/>
    <property name="java.runtime.name" value="Java(TM) SE Runtime Environment"/>
    <property name="file.encoding" value="Cp1250"/>
    <property name="java.vm.name" value="Java HotSpot(TM) 64-Bit Server VM"/>
    <property name="localRepository" value="C:\Users\mrsaf\.m2\repository"/>
    <property name="java.vendor.url.bug" value="https://bugreport.java.com/bugreport/"/>
    <property name="java.io.tmpdir" value="C:\Users\mrsaf\AppData\Local\Temp\"/>
    <property name="java.version" value="17.0.1"/>
    <property name="user.dir" value="C:\Users\mrsaf\IdeaProjects\Finance"/>
    <property name="os.arch" value="amd64"/>
    <property name="java.vm.specification.name" value="Java Virtual Machine Specification"/>
    <property name="sun.os.patch.level" value=""/>
    <property name="native.encoding" value="Cp1250"/>
    <property name="java.library.path" value="C:\Program Files\Java\jdk-17.0.1\bin;C:\Windows\Sun\Java\bin;C:\Windows\system32;C:\Windows;C:\SIMULIA\Commands;C:\Windows\system32;C:\Windows;C:\Windows\System32\Wbem;C:\Windows\System32\WindowsPowerShell\v1.0\;C:\Windows\System32\OpenSSH\;C:\Program Files\NVIDIA Corporation\NVIDIA NvDLISR;C:\Program Files (x86)\Brackets\command;C:\gnuplot\bin;C:\Program Files\Docker\Docker\resources\bin;C:\ProgramData\DockerDesktop\version-bin;C:\nodejs\;C:\ProgramData\chocolatey\bin;C:\Program Files (x86)\NVIDIA Corporation\PhysX\Common;C:\Program Files\dotnet\;E:\MATLAB\R2021b\bin;C:\Program Files\Git\cmd;C:\msys64\mingw64\bin;C:\Program Files\Java\jdk-17.0.1\bin;C:\Users\mrsaf\AppData\Local\Programs\Python\Python39\Scripts\;C:\Users\mrsaf\AppData\Local\Programs\Python\Python39\;C:\Users\mrsaf\anaconda3;C:\Users\mrsaf\anaconda3\Library\mingw-w64\bin;C:\Users\mrsaf\anaconda3\Library\usr\bin;C:\Users\mrsaf\anaconda3\Library\bin;C:\Users\mrsaf\anaconda3\Scripts;C:\Users\mrsaf\AppData\Local\Microsoft\WindowsApps;C:\Users\mrsaf\AppData\Local\Programs\Microsoft VS Code\bin;C:\Users\mrsaf\AppData\Local\JetBrains\PyCharm Community Edition 2021.2\bin;;C:\php;C:\Program Files\IBM\Cloud\bin;C:\Users\mrsaf\AppData\Roaming\npm;C:\IntelliJ IDEA Community Edition 2021.3\bin;;C:\ProgramData\mrsaf\GitHubDesktop\bin;C:\Users\mrsaf\AppData\Local\GitHubDesktop\bin;C:\Program Files\heroku\bin;C:\Program Files\CMake\bin;C:\Program Files (x86)\GnuWin32\bin;C:\Program Files\JetBrains\WebStorm 2021.3.3\bin;;C:\apache-maven-3.8.5-bin\apache-maven-3.8.5\bin;;."/>
    <property name="java.vm.info" value="mixed mode, sharing"/>
    <property name="java.vendor" value="Oracle Corporation"/>
    <property name="java.vm.version" value="17.0.1+12-LTS-39"/>
    <property name="sun.io.unicode.encoding" value="UnicodeLittle"/>
    <property name="java.class.version" value="61.0"/>
  </properties>
  <testcase name="shouldAnswerWithTrue" classname="org.example.AppTest" time="0.002"/>
</testsuite>